<?xml version="1.0" encoding="UTF-8"?>
<testng-results ignored="0" total="1" passed="1" failed="0" skipped="0">
  <reporter-output>
  </reporter-output>
  <suite started-at="2023-08-18T22:05:33 IST" name="Default suite" finished-at="2023-08-18T22:05:50 IST" duration-ms="16923">
    <groups>
    </groups>
    <test started-at="2023-08-18T22:05:33 IST" name="Default test" finished-at="2023-08-18T22:05:50 IST" duration-ms="16923">
      <class name="P.Demoblaze.Sign">
        <test-method signature="Sig()[pri:0, instance:P.Demoblaze.Sign@611889f4]" started-at="2023-08-18T22:05:33 IST" name="Sig" finished-at="2023-08-18T22:05:50 IST" duration-ms="16844" status="PASS">
          <reporter-output>
          </reporter-output>
        </test-method> <!-- Sig -->
      </class> <!-- P.Demoblaze.Sign -->
    </test> <!-- Default test -->
  </suite> <!-- Default suite -->
</testng-results>
